Determining if the pthread_create exist failed with the following output:
Change Dir: /home/chloe/.git/Projet_Monitoring/catkin_ws/build/CMakeFiles/CMakeTmp

Run Build Command:/usr/bin/make "cmTryCompileExec3327574904/fast"
/usr/bin/make -f CMakeFiles/cmTryCompileExec3327574904.dir/build.make CMakeFiles/cmTryCompileExec3327574904.dir/build
make[1]: Entering directory `/home/chloe/.git/Projet_Monitoring/catkin_ws/build/CMakeFiles/CMakeTmp'
/usr/bin/cmake -E cmake_progress_report /home/chloe/.git/Projet_Monitoring/catkin_ws/build/CMakeFiles/CMakeTmp/CMakeFiles 1
Building C object CMakeFiles/cmTryCompileExec3327574904.dir/CheckSymbolExists.c.o
/usr/bin/cc    -o CMakeFiles/cmTryCompileExec3327574904.dir/CheckSymbolExists.c.o   -c /home/chloe/.git/Projet_Monitoring/catkin_ws/build/CMakeFiles/CMakeTmp/CheckSymbolExists.c
Linking C executable cmTryCompileExec3327574904
/usr/bin/cmake -E cmake_link_script CMakeFiles/cmTryCompileExec3327574904.dir/link.txt --verbose=1
/usr/bin/cc       CMakeFiles/cmTryCompileExec3327574904.dir/CheckSymbolExists.c.o  -o cmTryCompileExec3327574904 -rdynamic 
CMakeFiles/cmTryCompileExec3327574904.dir/CheckSymbolExists.c.o: In function `main':
CheckSymbolExists.c:(.text+0x16): undefined reference to `pthread_create'
collect2: error: ld returned 1 exit status
make[1]: Leaving directory `/home/chloe/.git/Projet_Monitoring/catkin_ws/build/CMakeFiles/CMakeTmp'
make[1]: *** [cmTryCompileExec3327574904] Error 1
make: *** [cmTryCompileExec3327574904/fast] Error 2

File /home/chloe/.git/Projet_Monitoring/catkin_ws/build/CMakeFiles/CMakeTmp/CheckSymbolExists.c:
/* */
#include <pthread.h>

int main(int argc, char** argv)
{
  (void)argv;
#ifndef pthread_create
  return ((int*)(&pthread_create))[argc];
#else
  (void)argc;
  return 0;
#endif
}

Determining if the function pthread_create exists in the pthreads failed with the following output:
Change Dir: /home/chloe/.git/Projet_Monitoring/catkin_ws/build/CMakeFiles/CMakeTmp

Run Build Command:/usr/bin/make "cmTryCompileExec2562984010/fast"
/usr/bin/make -f CMakeFiles/cmTryCompileExec2562984010.dir/build.make CMakeFiles/cmTryCompileExec2562984010.dir/build
make[1]: Entering directory `/home/chloe/.git/Projet_Monitoring/catkin_ws/build/CMakeFiles/CMakeTmp'
/usr/bin/cmake -E cmake_progress_report /home/chloe/.git/Projet_Monitoring/catkin_ws/build/CMakeFiles/CMakeTmp/CMakeFiles 1
Building C object CMakeFiles/cmTryCompileExec2562984010.dir/CheckFunctionExists.c.o
/usr/bin/cc   -DCHECK_FUNCTION_EXISTS=pthread_create   -o CMakeFiles/cmTryCompileExec2562984010.dir/CheckFunctionExists.c.o   -c /usr/share/cmake-2.8/Modules/CheckFunctionExists.c
Linking C executable cmTryCompileExec2562984010
/usr/bin/cmake -E cmake_link_script CMakeFiles/cmTryCompileExec2562984010.dir/link.txt --verbose=1
/usr/bin/cc   -DCHECK_FUNCTION_EXISTS=pthread_create    CMakeFiles/cmTryCompileExec2562984010.dir/CheckFunctionExists.c.o  -o cmTryCompileExec2562984010 -rdynamic -lpthreads 
/usr/bin/ld: cannot find -lpthreads
make[1]: Leaving directory `/home/chloe/.git/Projet_Monitoring/catkin_ws/build/CMakeFiles/CMakeTmp'
collect2: error: ld returned 1 exit status
make[1]: *** [cmTryCompileExec2562984010] Error 1
make: *** [cmTryCompileExec2562984010/fast] Error 2


